t:       354 | (T139749056681728) G0 created.
t:       465 | (T139749039896320) G2 created.
t:       475 | (T139749056681728) G0 arrived at area (2, 0).
t:       479 | (T139749039896320) G2 arrived at area (0, 2).
t:       532 | (T139749048289024) G1 created.
t:    500874 | (T139749039896320) G2 gathered a cigbutt from (0, 2).
t:    500907 | (T139749056681728) G0 gathered a cigbutt from (2, 0).
t:   1001298 | (T139749056681728) G0 gathered a cigbutt from (2, 0).
t:   1001323 | (T139749039896320) G2 gathered a cigbutt from (0, 2).
t:   1501408 | (T139749056681728) G0 gathered a cigbutt from (2, 0).
t:   1501429 | (T139749039896320) G2 gathered a cigbutt from (0, 2).
t:   2001524 | (T139749056681728) G0 gathered a cigbutt from (2, 0).
t:   2001580 | (T139749039896320) G2 gathered a cigbutt from (0, 3).
t:   2501688 | (T139749056681728) G0 gathered a cigbutt from (2, 0).
t:   2501720 | (T139749039896320) G2 gathered a cigbutt from (0, 3).
t:   3001847 | (T139749056681728) G0 gathered a cigbutt from (2, 0).
t:   3001875 | (T139749039896320) G2 gathered a cigbutt from (0, 3).
t:   3502005 | (T139749056681728) G0 gathered a cigbutt from (2, 0).
t:   3502036 | (T139749039896320) G2 gathered a cigbutt from (0, 3).
t:   4002164 | (T139749056681728) G0 gathered a cigbutt from (2, 0).
t:   4002174 | (T139749039896320) G2 gathered a cigbutt from (1, 2).
t:   4502301 | (T139749056681728) G0 gathered a cigbutt from (2, 0).
t:   4502317 | (T139749039896320) G2 gathered a cigbutt from (1, 2).
t:   5002708 | (T139749056681728) G0 gathered a cigbutt from (3, 0).
t:   5002737 | (T139749039896320) G2 gathered a cigbutt from (1, 2).
t:   5502862 | (T139749056681728) G0 gathered a cigbutt from (3, 0).
t:   5502887 | (T139749039896320) G2 gathered a cigbutt from (1, 2).
t:   6003257 | (T139749056681728) G0 gathered a cigbutt from (3, 0).
t:   6003279 | (T139749039896320) G2 gathered a cigbutt from (1, 2).
t:   6503410 | (T139749056681728) G0 gathered a cigbutt from (3, 1).
t:   6503421 | (T139749039896320) G2 gathered a cigbutt from (1, 2).
t:   7003584 | (T139749039896320) G2 gathered a cigbutt from (1, 2).
t:   7003611 | (T139749056681728) G0 gathered a cigbutt from (3, 1).
t:   7503843 | (T139749039896320) G2 gathered a cigbutt from (1, 3).
t:   7503956 | (T139749056681728) G0 gathered a cigbutt from (3, 1).
t:   8004257 | (T139749039896320) G2 gathered a cigbutt from (1, 3).
t:   8004284 | (T139749056681728) G0 gathered a cigbutt from (3, 1).
t:   8004294 | (T139749056681728) G0 cleared the current area and left.
t:   8004312 | (T139749056681728) G0 finished cleaning and exited.
t:   8504342 | (T139749039896320) G2 gathered a cigbutt from (1, 3).
t:   9004732 | (T139749039896320) G2 gathered a cigbutt from (1, 3).
t:   9504840 | (T139749039896320) G2 gathered a cigbutt from (1, 3).
t:  10005249 | (T139749039896320) G2 gathered a cigbutt from (1, 3).
t:  10505359 | (T139749039896320) G2 gathered a cigbutt from (1, 3).
t:  11005740 | (T139749039896320) G2 gathered a cigbutt from (1, 3).
t:  11005751 | (T139749039896320) G2 cleared the current area and left.
t:  11005771 | (T139749039896320) G2 finished cleaning and exited.
t:  11005849 | (T139749048289024) G1 arrived at area (1, 1).
t:  11505986 | (T139749048289024) G1 gathered a cigbutt from (1, 1).
t:  12006128 | (T139749048289024) G1 gathered a cigbutt from (1, 1).
t:  12506264 | (T139749048289024) G1 gathered a cigbutt from (1, 1).
t:  13006511 | (T139749048289024) G1 gathered a cigbutt from (1, 1).
t:  13506608 | (T139749048289024) G1 gathered a cigbutt from (1, 1).
t:  14007002 | (T139749048289024) G1 gathered a cigbutt from (1, 1).
t:  14507157 | (T139749048289024) G1 gathered a cigbutt from (2, 2).
t:  14507166 | (T139749048289024) G1 cleared the current area and left.
t:  14507176 | (T139749048289024) G1 finished cleaning and exited.
