t:       329 | (T140622862731008) G0 created.
t:       428 | (T140622862731008) G0 arrived at area (0, 0).
t:       434 | (T140622845945600) G2 created.
t:       445 | (T140622845945600) G2 arrived at area (0, 3).
t:       476 | (T140622854338304) G1 created.
t:       488 | (T140622854338304) G1 arrived at area (2, 0).
t:    200865 | (T140622854338304) G1 gathered a cigbutt from (2, 0).
t:    250679 | (T140622845945600) G2 gathered a cigbutt from (0, 3).
t:    300813 | (T140622862731008) G0 gathered a cigbutt from (0, 0).
t:    401219 | (T140622854338304) G1 gathered a cigbutt from (2, 0).
t:    501059 | (T140622845945600) G2 gathered a cigbutt from (0, 3).
t:    601175 | (T140622862731008) G0 gathered a cigbutt from (0, 0).
t:    601370 | (T140622854338304) G1 gathered a cigbutt from (2, 0).
t:    751404 | (T140622845945600) G2 gathered a cigbutt from (0, 3).
t:    801513 | (T140622854338304) G1 gathered a cigbutt from (2, 0).
t:    901557 | (T140622862731008) G0 gathered a cigbutt from (0, 0).
t:   1001811 | (T140622845945600) G2 gathered a cigbutt from (0, 3).
t:   1001835 | (T140622854338304) G1 gathered a cigbutt from (2, 0).
t:   1201942 | (T140622862731008) G0 gathered a cigbutt from (0, 0).
t:   1201993 | (T140622854338304) G1 gathered a cigbutt from (2, 0).
t:   1252031 | (T140622845945600) G2 gathered a cigbutt from (0, 3).
t:   1402156 | (T140622854338304) G1 gathered a cigbutt from (2, 0).
t:   1502352 | (T140622862731008) G0 gathered a cigbutt from (0, 0).
t:   1502381 | (T140622845945600) G2 gathered a cigbutt from (0, 3).
t:   1602532 | (T140622854338304) G1 gathered a cigbutt from (2, 1).
t:   1752782 | (T140622845945600) G2 gathered a cigbutt from (0, 3).
t:   1802773 | (T140622854338304) G1 gathered a cigbutt from (2, 1).
t:   1802830 | (T140622862731008) G0 gathered a cigbutt from (0, 0).
t:   2003031 | (T140622854338304) G1 gathered a cigbutt from (2, 1).
t:   2003060 | (T140622845945600) G2 gathered a cigbutt from (0, 4).
t:   2103167 | (T140622862731008) G0 gathered a cigbutt from (0, 0).
t:   2203426 | (T140622854338304) G1 gathered a cigbutt from (2, 1).
t:   2253458 | (T140622845945600) G2 gathered a cigbutt from (0, 4).
t:   2403333 | (T140622862731008) G0 gathered a cigbutt from (0, 1).
t:   2403636 | (T140622854338304) G1 gathered a cigbutt from (2, 1).
t:   2503705 | (T140622845945600) G2 gathered a cigbutt from (0, 4).
t:   2603786 | (T140622854338304) G1 gathered a cigbutt from (2, 1).
t:   2703720 | (T140622862731008) G0 gathered a cigbutt from (0, 1).
t:   2753856 | (T140622845945600) G2 gathered a cigbutt from (0, 4).
t:   2804173 | (T140622854338304) G1 gathered a cigbutt from (2, 1).
t:   3004124 | (T140622845945600) G2 gathered a cigbutt from (0, 4).
t:   3004149 | (T140622862731008) G0 gathered a cigbutt from (0, 1).
t:   3004320 | (T140622854338304) G1 gathered a cigbutt from (2, 2).
t:   3204472 | (T140622854338304) G1 gathered a cigbutt from (2, 2).
t:   3254514 | (T140622845945600) G2 gathered a cigbutt from (0, 4).
t:   3304536 | (T140622862731008) G0 gathered a cigbutt from (0, 1).
t:   3404805 | (T140622854338304) G1 gathered a cigbutt from (2, 2).
t:   3504924 | (T140622845945600) G2 gathered a cigbutt from (0, 4).
t:   3604629 | (T140622862731008) G0 gathered a cigbutt from (0, 1).
t:   3604939 | (T140622854338304) G1 gathered a cigbutt from (2, 2).
t:   3755296 | (T140622845945600) G2 gathered a cigbutt from (1, 3).
t:   3805185 | (T140622854338304) G1 gathered a cigbutt from (2, 2).
t:   3904979 | (T140622862731008) G0 gathered a cigbutt from (0, 1).
t:   4005595 | (T140622845945600) G2 gathered a cigbutt from (1, 3).
t:   4005623 | (T140622854338304) G1 gathered a cigbutt from (2, 2).
t:   4205364 | (T140622862731008) G0 gathered a cigbutt from (0, 1).
t:   4205843 | (T140622854338304) G1 gathered a cigbutt from (2, 2).
t:   4255780 | (T140622845945600) G2 gathered a cigbutt from (1, 3).
t:   4406094 | (T140622854338304) G1 gathered a cigbutt from (3, 0).
t:   4505754 | (T140622862731008) G0 gathered a cigbutt from (1, 0).
t:   4505937 | (T140622845945600) G2 gathered a cigbutt from (1, 3).
t:   4606484 | (T140622854338304) G1 gathered a cigbutt from (3, 0).
t:   4756111 | (T140622845945600) G2 gathered a cigbutt from (1, 3).
t:   4806166 | (T140622862731008) G0 gathered a cigbutt from (1, 0).
t:   4806631 | (T140622854338304) G1 gathered a cigbutt from (3, 0).
t:   5006266 | (T140622845945600) G2 gathered a cigbutt from (1, 3).
t:   5006766 | (T140622854338304) G1 gathered a cigbutt from (3, 0).
t:   5106312 | (T140622862731008) G0 gathered a cigbutt from (1, 0).
t:   5207236 | (T140622854338304) G1 gathered a cigbutt from (3, 0).
t:   5256428 | (T140622845945600) G2 gathered a cigbutt from (1, 3).
t:   5406457 | (T140622862731008) G0 gathered a cigbutt from (1, 0).
t:   5407460 | (T140622854338304) G1 gathered a cigbutt from (3, 0).
t:   5506847 | (T140622845945600) G2 gathered a cigbutt from (1, 4).
t:   5607805 | (T140622854338304) G1 gathered a cigbutt from (3, 0).
t:   5706697 | (T140622862731008) G0 gathered a cigbutt from (1, 0).
t:   5757159 | (T140622845945600) G2 gathered a cigbutt from (1, 4).
t:   5808192 | (T140622854338304) G1 gathered a cigbutt from (3, 1).
t:   6007037 | (T140622862731008) G0 gathered a cigbutt from (1, 0).
t:   6007319 | (T140622845945600) G2 gathered a cigbutt from (1, 4).
t:   6008453 | (T140622854338304) G1 gathered a cigbutt from (3, 1).
t:   6208835 | (T140622854338304) G1 gathered a cigbutt from (3, 1).
t:   6257712 | (T140622845945600) G2 gathered a cigbutt from (1, 4).
t:   6307423 | (T140622862731008) G0 gathered a cigbutt from (1, 0).
t:   6409000 | (T140622854338304) G1 gathered a cigbutt from (3, 1).
t:   6508110 | (T140622845945600) G2 gathered a cigbutt from (1, 4).
t:   6607652 | (T140622862731008) G0 gathered a cigbutt from (1, 1).
t:   6609340 | (T140622854338304) G1 gathered a cigbutt from (3, 1).
t:   6758355 | (T140622845945600) G2 gathered a cigbutt from (1, 4).
t:   6809511 | (T140622854338304) G1 gathered a cigbutt from (3, 1).
t:   6907832 | (T140622862731008) G0 gathered a cigbutt from (1, 1).
t:   7008654 | (T140622845945600) G2 gathered a cigbutt from (1, 4).
t:   7009737 | (T140622854338304) G1 gathered a cigbutt from (3, 1).
t:   7207976 | (T140622862731008) G0 gathered a cigbutt from (1, 1).
t:   7210102 | (T140622854338304) G1 gathered a cigbutt from (3, 2).
t:   7259064 | (T140622845945600) G2 gathered a cigbutt from (2, 3).
t:   7410484 | (T140622854338304) G1 gathered a cigbutt from (3, 2).
t:   7508193 | (T140622862731008) G0 gathered a cigbutt from (1, 1).
t:   7509361 | (T140622845945600) G2 gathered a cigbutt from (2, 3).
t:   7610773 | (T140622854338304) G1 gathered a cigbutt from (3, 2).
t:   7759523 | (T140622845945600) G2 gathered a cigbutt from (2, 3).
t:   7808426 | (T140622862731008) G0 gathered a cigbutt from (1, 1).
t:   7811163 | (T140622854338304) G1 gathered a cigbutt from (3, 2).
t:   8009924 | (T140622845945600) G2 gathered a cigbutt from (2, 3).
t:   8011478 | (T140622854338304) G1 gathered a cigbutt from (3, 2).
t:   8108582 | (T140622862731008) G0 gathered a cigbutt from (1, 1).
t:   8211729 | (T140622854338304) G1 gathered a cigbutt from (3, 2).
t:   8260274 | (T140622845945600) G2 gathered a cigbutt from (2, 3).
t:   8408731 | (T140622862731008) G0 gathered a cigbutt from (1, 1).
t:   8408741 | (T140622862731008) G0 cleared the current area and left.
t:   8408749 | (T140622862731008) G0 finished cleaning and exited.
t:   8411992 | (T140622854338304) G1 gathered a cigbutt from (3, 2).
t:   8412003 | (T140622854338304) G1 cleared the current area and left.
t:   8412013 | (T140622854338304) G1 arrived at area (1, 0).
t:   8510449 | (T140622845945600) G2 gathered a cigbutt from (2, 3).
t:   8612392 | (T140622854338304) G1 gathered a cigbutt from (1, 2).
t:   8760848 | (T140622845945600) G2 gathered a cigbutt from (2, 3).
t:   8812744 | (T140622854338304) G1 gathered a cigbutt from (1, 2).
t:   9011008 | (T140622845945600) G2 gathered a cigbutt from (2, 4).
t:   9012865 | (T140622854338304) G1 gathered a cigbutt from (1, 2).
t:   9213008 | (T140622854338304) G1 gathered a cigbutt from (1, 2).
t:   9261390 | (T140622845945600) G2 gathered a cigbutt from (2, 4).
t:   9413362 | (T140622854338304) G1 gathered a cigbutt from (1, 2).
t:   9511806 | (T140622845945600) G2 gathered a cigbutt from (2, 4).
t:   9613747 | (T140622854338304) G1 gathered a cigbutt from (1, 2).
t:   9762181 | (T140622845945600) G2 gathered a cigbutt from (2, 4).
t:   9813905 | (T140622854338304) G1 gathered a cigbutt from (1, 2).
t:   9813917 | (T140622854338304) G1 cleared the current area and left.
t:   9813927 | (T140622854338304) G1 finished cleaning and exited.
t:  10012564 | (T140622845945600) G2 gathered a cigbutt from (2, 4).
t:  10263193 | (T140622845945600) G2 gathered a cigbutt from (2, 4).
t:  10513569 | (T140622845945600) G2 gathered a cigbutt from (2, 4).
t:  10763715 | (T140622845945600) G2 gathered a cigbutt from (3, 3).
t:  11014097 | (T140622845945600) G2 gathered a cigbutt from (3, 3).
t:  11264401 | (T140622845945600) G2 gathered a cigbutt from (3, 3).
t:  11514787 | (T140622845945600) G2 gathered a cigbutt from (3, 3).
t:  11765175 | (T140622845945600) G2 gathered a cigbutt from (3, 3).
t:  12015382 | (T140622845945600) G2 gathered a cigbutt from (3, 3).
t:  12265769 | (T140622845945600) G2 gathered a cigbutt from (3, 3).
t:  12515929 | (T140622845945600) G2 gathered a cigbutt from (3, 4).
t:  12766314 | (T140622845945600) G2 gathered a cigbutt from (3, 4).
t:  13016633 | (T140622845945600) G2 gathered a cigbutt from (3, 4).
t:  13267019 | (T140622845945600) G2 gathered a cigbutt from (3, 4).
t:  13517398 | (T140622845945600) G2 gathered a cigbutt from (3, 4).
t:  13767553 | (T140622845945600) G2 gathered a cigbutt from (3, 4).
t:  14017930 | (T140622845945600) G2 gathered a cigbutt from (3, 4).
t:  14268319 | (T140622845945600) G2 gathered a cigbutt from (4, 3).
t:  14518429 | (T140622845945600) G2 gathered a cigbutt from (4, 3).
t:  14768574 | (T140622845945600) G2 gathered a cigbutt from (4, 3).
t:  15018974 | (T140622845945600) G2 gathered a cigbutt from (4, 3).
t:  15269220 | (T140622845945600) G2 gathered a cigbutt from (4, 3).
t:  15519325 | (T140622845945600) G2 gathered a cigbutt from (4, 3).
t:  15769416 | (T140622845945600) G2 gathered a cigbutt from (4, 3).
t:  16019564 | (T140622845945600) G2 gathered a cigbutt from (4, 4).
t:  16269884 | (T140622845945600) G2 gathered a cigbutt from (4, 4).
t:  16520041 | (T140622845945600) G2 gathered a cigbutt from (4, 4).
t:  16770434 | (T140622845945600) G2 gathered a cigbutt from (4, 4).
t:  17020609 | (T140622845945600) G2 gathered a cigbutt from (4, 4).
t:  17270755 | (T140622845945600) G2 gathered a cigbutt from (4, 4).
t:  17520903 | (T140622845945600) G2 gathered a cigbutt from (4, 4).
t:  17520912 | (T140622845945600) G2 cleared the current area and left.
t:  17520921 | (T140622845945600) G2 finished cleaning and exited.
