t:       352 | (T139718099613440) G0 created.
t:       441 | (T139718099613440) G0 arrived at area (1, 1).
t:       452 | (T139718082828032) G2 created.
t:       506 | (T139718091220736) G1 created.
t:       518 | (T139718091220736) G1 arrived at area (0, 0).
t:    250591 | (T139718099613440) G0 gathered a cigbutt from (1, 1).
t:    500938 | (T139718099613440) G0 gathered a cigbutt from (1, 1).
t:    751070 | (T139718099613440) G0 gathered a cigbutt from (1, 1).
t:   1000662 | (T139718091220736) G1 gathered a cigbutt from (0, 0).
t:   1000672 | (T139718091220736) G1 cleared the current area and left.
t:   1000762 | (T139718091220736) G1 arrived at area (0, 2).
t:   1001297 | (T139718099613440) G0 gathered a cigbutt from (1, 1).
t:   1251452 | (T139718099613440) G0 gathered a cigbutt from (1, 1).
t:   1501525 | (T139718099613440) G0 gathered a cigbutt from (1, 1).
t:   1751631 | (T139718099613440) G0 gathered a cigbutt from (1, 1).
t:   2001123 | (T139718091220736) G1 gathered a cigbutt from (0, 2).
t:   2001886 | (T139718099613440) G0 gathered a cigbutt from (1, 1).
t:   2251988 | (T139718099613440) G0 gathered a cigbutt from (1, 2).
t:   2502104 | (T139718099613440) G0 gathered a cigbutt from (1, 2).
t:   2752334 | (T139718099613440) G0 gathered a cigbutt from (1, 2).
t:   3001293 | (T139718091220736) G1 gathered a cigbutt from (0, 2).
t:   3001302 | (T139718091220736) G1 cleared the current area and left.
t:   3001310 | (T139718091220736) G1 finished cleaning and exited.
t:   3002483 | (T139718099613440) G0 gathered a cigbutt from (1, 2).
t:   3252883 | (T139718099613440) G0 gathered a cigbutt from (1, 2).
t:   3503286 | (T139718099613440) G0 gathered a cigbutt from (1, 2).
t:   3753599 | (T139718099613440) G0 gathered a cigbutt from (1, 2).
t:   4003861 | (T139718099613440) G0 gathered a cigbutt from (2, 2).
t:   4254038 | (T139718099613440) G0 gathered a cigbutt from (2, 2).
t:   4504112 | (T139718099613440) G0 gathered a cigbutt from (2, 2).
t:   4504117 | (T139718099613440) G0 cleared the current area and left.
t:   4504124 | (T139718099613440) G0 finished cleaning and exited.
t:   4504167 | (T139718082828032) G2 arrived at area (0, 0).
t:   5004234 | (T139718082828032) G2 gathered a cigbutt from (1, 0).
t:   5504338 | (T139718082828032) G2 gathered a cigbutt from (1, 0).
t:   6004467 | (T139718082828032) G2 gathered a cigbutt from (1, 0).
t:   6504569 | (T139718082828032) G2 gathered a cigbutt from (1, 0).
t:   7004675 | (T139718082828032) G2 gathered a cigbutt from (1, 0).
t:   7504741 | (T139718082828032) G2 gathered a cigbutt from (1, 0).
t:   8004806 | (T139718082828032) G2 gathered a cigbutt from (1, 0).
t:   8504952 | (T139718082828032) G2 gathered a cigbutt from (1, 0).
t:   9005025 | (T139718082828032) G2 gathered a cigbutt from (1, 0).
t:   9005028 | (T139718082828032) G2 cleared the current area and left.
t:   9005031 | (T139718082828032) G2 arrived at area (1, 0).
t:   9005032 | (T139718082828032) G2 cleared the current area and left.
t:   9005032 | (T139718082828032) G2 finished cleaning and exited.
